<?xml version="1.0" encoding="UTF-8"?>
<coverage generated="1597106363929" clover="3.2.0">
  <project timestamp="1597106363929" name="All files">
    <metrics statements="47" coveredstatements="27" conditionals="26" coveredconditionals="13" methods="21" coveredmethods="10" elements="94" coveredelements="50" complexity="0" loc="47" ncloc="47" packages="1" files="6" classes="6"/>
    <file name="AddToCart.jsx" path="/Users/UtkarshSingh/HRSEI/productDetail/client/src/components/AddToCart.jsx">
      <metrics statements="2" coveredstatements="2" conditionals="0" coveredconditionals="0" methods="1" coveredmethods="1"/>
      <line num="3" count="1" type="stmt"/>
      <line num="4" count="3" type="stmt"/>
    </file>
    <file name="App.jsx" path="/Users/UtkarshSingh/HRSEI/productDetail/client/src/components/App.jsx">
      <metrics statements="28" coveredstatements="10" conditionals="14" coveredconditionals="4" methods="13" coveredmethods="4"/>
      <line num="11" count="3" type="stmt"/>
      <line num="12" count="3" type="stmt"/>
      <line num="26" count="3" type="stmt"/>
      <line num="27" count="3" type="stmt"/>
      <line num="31" count="3" type="stmt"/>
      <line num="33" count="0" type="stmt"/>
      <line num="38" count="0" type="stmt"/>
      <line num="40" count="3" type="stmt"/>
      <line num="41" count="0" type="stmt"/>
      <line num="43" count="0" type="stmt"/>
      <line num="44" count="0" type="stmt"/>
      <line num="45" count="0" type="cond" truecount="0" falsecount="2"/>
      <line num="46" count="0" type="stmt"/>
      <line num="47" count="0" type="stmt"/>
      <line num="50" count="0" type="stmt"/>
      <line num="57" count="0" type="stmt"/>
      <line num="64" count="0" type="stmt"/>
      <line num="66" count="3" type="stmt"/>
      <line num="68" count="0" type="stmt"/>
      <line num="72" count="0" type="stmt"/>
      <line num="76" count="3" type="stmt"/>
      <line num="81" count="0" type="stmt"/>
      <line num="82" count="0" type="cond" truecount="0" falsecount="2"/>
      <line num="83" count="0" type="stmt"/>
      <line num="84" count="0" type="stmt"/>
      <line num="87" count="0" type="stmt"/>
      <line num="96" count="3" type="stmt"/>
      <line num="97" count="3" type="stmt"/>
    </file>
    <file name="Images.jsx" path="/Users/UtkarshSingh/HRSEI/productDetail/client/src/components/Images.jsx">
      <metrics statements="2" coveredstatements="2" conditionals="0" coveredconditionals="0" methods="1" coveredmethods="1"/>
      <line num="3" count="1" type="stmt"/>
      <line num="4" count="3" type="stmt"/>
    </file>
    <file name="Info.jsx" path="/Users/UtkarshSingh/HRSEI/productDetail/client/src/components/Info.jsx">
      <metrics statements="7" coveredstatements="7" conditionals="6" coveredconditionals="5" methods="1" coveredmethods="1"/>
      <line num="3" count="2" type="stmt"/>
      <line num="6" count="8" type="stmt"/>
      <line num="7" count="8" type="stmt"/>
      <line num="8" count="8" type="stmt"/>
      <line num="9" count="21" type="stmt"/>
      <line num="11" count="8" type="stmt"/>
      <line num="13" count="8" type="stmt"/>
    </file>
    <file name="Overview.jsx" path="/Users/UtkarshSingh/HRSEI/productDetail/client/src/components/Overview.jsx">
      <metrics statements="2" coveredstatements="2" conditionals="0" coveredconditionals="0" methods="1" coveredmethods="1"/>
      <line num="3" count="1" type="stmt"/>
      <line num="4" count="3" type="stmt"/>
    </file>
    <file name="Styles.jsx" path="/Users/UtkarshSingh/HRSEI/productDetail/client/src/components/Styles.jsx">
      <metrics statements="6" coveredstatements="4" conditionals="6" coveredconditionals="4" methods="4" coveredmethods="2"/>
      <line num="3" count="2" type="stmt"/>
      <line num="4" count="1" type="stmt"/>
      <line num="14" count="0" type="stmt"/>
      <line num="23" count="2" type="cond" truecount="2" falsecount="0"/>
      <line num="24" count="1" type="stmt"/>
      <line num="26" count="0" type="stmt"/>
    </file>
  </project>
</coverage>
