{"/Users/UtkarshSingh/HRSEI/productDetail/client/src/components/AddToCart.jsx": {"path":"/Users/UtkarshSingh/HRSEI/productDetail/client/src/components/AddToCart.jsx","statementMap":{"0":{"start":{"line":3,"column":18},"end":{"line":5,"column":1}},"1":{"start":{"line":4,"column":2},"end":{"line":4,"column":24}}},"fnMap":{"0":{"name":"(anonymous_0)","decl":{"start":{"line":3,"column":18},"end":{"line":3,"column":19}},"loc":{"start":{"line":4,"column":2},"end":{"line":4,"column":24}},"line":4}},"branchMap":{},"s":{"0":1,"1":3},"f":{"0":3},"b":{},"_coverageSchema":"1a1c01bbd47fc00a2c39e90264f33305004495a9","hash":"6e710aa0848e7de8cfa14fcf9124295e893a82a1"}
,"/Users/UtkarshSingh/HRSEI/productDetail/client/src/components/App.jsx": {"path":"/Users/UtkarshSingh/HRSEI/productDetail/client/src/components/App.jsx","statementMap":{"0":{"start":{"line":11,"column":4},"end":{"line":11,"column":17}},"1":{"start":{"line":12,"column":4},"end":{"line":25,"column":6}},"2":{"start":{"line":26,"column":4},"end":{"line":26,"column":51}},"3":{"start":{"line":27,"column":4},"end":{"line":27,"column":65}},"4":{"start":{"line":31,"column":4},"end":{"line":38,"column":42}},"5":{"start":{"line":33,"column":8},"end":{"line":36,"column":11}},"6":{"start":{"line":38,"column":19},"end":{"line":38,"column":40}},"7":{"start":{"line":40,"column":4},"end":{"line":64,"column":42}},"8":{"start":{"line":41,"column":21},"end":{"line":41,"column":37}},"9":{"start":{"line":43,"column":23},"end":{"line":43,"column":27}},"10":{"start":{"line":44,"column":8},"end":{"line":49,"column":9}},"11":{"start":{"line":44,"column":21},"end":{"line":44,"column":22}},"12":{"start":{"line":45,"column":10},"end":{"line":48,"column":11}},"13":{"start":{"line":46,"column":12},"end":{"line":46,"column":34}},"14":{"start":{"line":47,"column":12},"end":{"line":47,"column":18}},"15":{"start":{"line":50,"column":8},"end":{"line":54,"column":11}},"16":{"start":{"line":57,"column":8},"end":{"line":62,"column":11}},"17":{"start":{"line":64,"column":19},"end":{"line":64,"column":40}},"18":{"start":{"line":66,"column":4},"end":{"line":72,"column":42}},"19":{"start":{"line":68,"column":8},"end":{"line":70,"column":11}},"20":{"start":{"line":72,"column":19},"end":{"line":72,"column":40}},"21":{"start":{"line":76,"column":4},"end":{"line":76,"column":24}},"22":{"start":{"line":81,"column":4},"end":{"line":86,"column":5}},"23":{"start":{"line":81,"column":17},"end":{"line":81,"column":18}},"24":{"start":{"line":82,"column":6},"end":{"line":85,"column":7}},"25":{"start":{"line":83,"column":8},"end":{"line":83,"column":37}},"26":{"start":{"line":84,"column":8},"end":{"line":84,"column":14}},"27":{"start":{"line":87,"column":4},"end":{"line":90,"column":7}},"28":{"start":{"line":96,"column":8},"end":{"line":96,"column":18}},"29":{"start":{"line":97,"column":4},"end":{"line":130,"column":6}}},"fnMap":{"0":{"name":"(anonymous_0)","decl":{"start":{"line":10,"column":2},"end":{"line":10,"column":3}},"loc":{"start":{"line":10,"column":21},"end":{"line":28,"column":3}},"line":10},"1":{"name":"(anonymous_1)","decl":{"start":{"line":30,"column":2},"end":{"line":30,"column":3}},"loc":{"start":{"line":30,"column":22},"end":{"line":73,"column":3}},"line":30},"2":{"name":"(anonymous_2)","decl":{"start":{"line":32,"column":12},"end":{"line":32,"column":13}},"loc":{"start":{"line":32,"column":21},"end":{"line":37,"column":7}},"line":32},"3":{"name":"(anonymous_3)","decl":{"start":{"line":38,"column":13},"end":{"line":38,"column":14}},"loc":{"start":{"line":38,"column":19},"end":{"line":38,"column":40}},"line":38},"4":{"name":"(anonymous_4)","decl":{"start":{"line":41,"column":12},"end":{"line":41,"column":13}},"loc":{"start":{"line":41,"column":21},"end":{"line":41,"column":37}},"line":41},"5":{"name":"(anonymous_5)","decl":{"start":{"line":42,"column":12},"end":{"line":42,"column":13}},"loc":{"start":{"line":42,"column":25},"end":{"line":55,"column":7}},"line":42},"6":{"name":"(anonymous_6)","decl":{"start":{"line":56,"column":12},"end":{"line":56,"column":13}},"loc":{"start":{"line":56,"column":18},"end":{"line":63,"column":7}},"line":56},"7":{"name":"(anonymous_7)","decl":{"start":{"line":64,"column":13},"end":{"line":64,"column":14}},"loc":{"start":{"line":64,"column":19},"end":{"line":64,"column":40}},"line":64},"8":{"name":"(anonymous_8)","decl":{"start":{"line":67,"column":12},"end":{"line":67,"column":13}},"loc":{"start":{"line":67,"column":21},"end":{"line":71,"column":7}},"line":67},"9":{"name":"(anonymous_9)","decl":{"start":{"line":72,"column":13},"end":{"line":72,"column":14}},"loc":{"start":{"line":72,"column":19},"end":{"line":72,"column":40}},"line":72},"10":{"name":"(anonymous_10)","decl":{"start":{"line":75,"column":2},"end":{"line":75,"column":3}},"loc":{"start":{"line":75,"column":22},"end":{"line":77,"column":3}},"line":75},"11":{"name":"(anonymous_11)","decl":{"start":{"line":79,"column":2},"end":{"line":79,"column":3}},"loc":{"start":{"line":79,"column":25},"end":{"line":91,"column":3}},"line":79},"12":{"name":"(anonymous_12)","decl":{"start":{"line":93,"column":2},"end":{"line":93,"column":3}},"loc":{"start":{"line":93,"column":11},"end":{"line":131,"column":3}},"line":93}},"branchMap":{"0":{"loc":{"start":{"line":30,"column":14},"end":{"line":30,"column":20}},"type":"default-arg","locations":[{"start":{"line":30,"column":19},"end":{"line":30,"column":20}}],"line":30},"1":{"loc":{"start":{"line":45,"column":10},"end":{"line":48,"column":11}},"type":"if","locations":[{"start":{"line":45,"column":10},"end":{"line":48,"column":11}},{"start":{"line":45,"column":10},"end":{"line":48,"column":11}}],"line":45},"2":{"loc":{"start":{"line":82,"column":6},"end":{"line":85,"column":7}},"type":"if","locations":[{"start":{"line":82,"column":6},"end":{"line":85,"column":7}},{"start":{"line":82,"column":6},"end":{"line":85,"column":7}}],"line":82},"3":{"loc":{"start":{"line":102,"column":12},"end":{"line":113,"column":18}},"type":"cond-expr","locations":[{"start":{"line":104,"column":14},"end":{"line":111,"column":20}},{"start":{"line":113,"column":14},"end":{"line":113,"column":18}}],"line":102},"4":{"loc":{"start":{"line":102,"column":12},"end":{"line":102,"column":47}},"type":"binary-expr","locations":[{"start":{"line":102,"column":12},"end":{"line":102,"column":19}},{"start":{"line":102,"column":23},"end":{"line":102,"column":30}},{"start":{"line":102,"column":34},"end":{"line":102,"column":47}}],"line":102},"5":{"loc":{"start":{"line":114,"column":12},"end":{"line":124,"column":18}},"type":"cond-expr","locations":[{"start":{"line":116,"column":14},"end":{"line":122,"column":20}},{"start":{"line":124,"column":14},"end":{"line":124,"column":18}}],"line":114},"6":{"loc":{"start":{"line":114,"column":12},"end":{"line":114,"column":35}},"type":"binary-expr","locations":[{"start":{"line":114,"column":12},"end":{"line":114,"column":18}},{"start":{"line":114,"column":22},"end":{"line":114,"column":35}}],"line":114}},"s":{"0":3,"1":3,"2":3,"3":3,"4":3,"5":0,"6":0,"7":3,"8":0,"9":0,"10":0,"11":0,"12":0,"13":0,"14":0,"15":0,"16":0,"17":0,"18":3,"19":0,"20":0,"21":3,"22":0,"23":0,"24":0,"25":0,"26":0,"27":0,"28":3,"29":3},"f":{"0":3,"1":3,"2":0,"3":0,"4":0,"5":0,"6":0,"7":0,"8":0,"9":0,"10":3,"11":0,"12":3},"b":{"0":[0],"1":[0,0],"2":[0,0],"3":[0,3],"4":[3,0,0],"5":[0,3],"6":[3,0]},"_coverageSchema":"1a1c01bbd47fc00a2c39e90264f33305004495a9","hash":"d8f180f5032473fd5ce4a0df0f44e0b1cb35e91f"}
,"/Users/UtkarshSingh/HRSEI/productDetail/client/src/components/Images.jsx": {"path":"/Users/UtkarshSingh/HRSEI/productDetail/client/src/components/Images.jsx","statementMap":{"0":{"start":{"line":3,"column":15},"end":{"line":6,"column":1}},"1":{"start":{"line":4,"column":2},"end":{"line":4,"column":71}}},"fnMap":{"0":{"name":"(anonymous_0)","decl":{"start":{"line":3,"column":15},"end":{"line":3,"column":16}},"loc":{"start":{"line":4,"column":2},"end":{"line":4,"column":71}},"line":4}},"branchMap":{},"s":{"0":1,"1":3},"f":{"0":3},"b":{},"_coverageSchema":"1a1c01bbd47fc00a2c39e90264f33305004495a9","hash":"f1c7751e414362182cd9204f5050d3f74036950e"}
,"/Users/UtkarshSingh/HRSEI/productDetail/client/src/components/Info.jsx": {"path":"/Users/UtkarshSingh/HRSEI/productDetail/client/src/components/Info.jsx","statementMap":{"0":{"start":{"line":3,"column":13},"end":{"line":69,"column":1}},"1":{"start":{"line":6,"column":22},"end":{"line":6,"column":44}},"2":{"start":{"line":7,"column":12},"end":{"line":7,"column":13}},"3":{"start":{"line":8,"column":2},"end":{"line":10,"column":3}},"4":{"start":{"line":8,"column":15},"end":{"line":8,"column":16}},"5":{"start":{"line":9,"column":4},"end":{"line":9,"column":37}},"6":{"start":{"line":11,"column":20},"end":{"line":11,"column":37}},"7":{"start":{"line":13,"column":2},"end":{"line":68,"column":4}}},"fnMap":{"0":{"name":"(anonymous_0)","decl":{"start":{"line":3,"column":13},"end":{"line":3,"column":14}},"loc":{"start":{"line":5,"column":6},"end":{"line":69,"column":1}},"line":5}},"branchMap":{"0":{"loc":{"start":{"line":15,"column":7},"end":{"line":28,"column":14}},"type":"cond-expr","locations":[{"start":{"line":17,"column":10},"end":{"line":26,"column":16}},{"start":{"line":28,"column":10},"end":{"line":28,"column":14}}],"line":15},"1":{"loc":{"start":{"line":34,"column":11},"end":{"line":50,"column":58}},"type":"cond-expr","locations":[{"start":{"line":35,"column":14},"end":{"line":35,"column":41}},{"start":{"line":36,"column":14},"end":{"line":50,"column":58}}],"line":34},"2":{"loc":{"start":{"line":36,"column":14},"end":{"line":50,"column":58}},"type":"cond-expr","locations":[{"start":{"line":38,"column":16},"end":{"line":48,"column":23}},{"start":{"line":50,"column":16},"end":{"line":50,"column":58}}],"line":36}},"s":{"0":2,"1":8,"2":8,"3":8,"4":8,"5":21,"6":8,"7":8},"f":{"0":8},"b":{"0":[7,1],"1":[7,1],"2":[1,0]},"_coverageSchema":"1a1c01bbd47fc00a2c39e90264f33305004495a9","hash":"5ea2e0ceac0f0c021d741de57ddca09439368e29"}
,"/Users/UtkarshSingh/HRSEI/productDetail/client/src/components/Overview.jsx": {"path":"/Users/UtkarshSingh/HRSEI/productDetail/client/src/components/Overview.jsx","statementMap":{"0":{"start":{"line":3,"column":17},"end":{"line":5,"column":1}},"1":{"start":{"line":4,"column":2},"end":{"line":4,"column":21}}},"fnMap":{"0":{"name":"(anonymous_0)","decl":{"start":{"line":3,"column":17},"end":{"line":3,"column":18}},"loc":{"start":{"line":4,"column":2},"end":{"line":4,"column":21}},"line":4}},"branchMap":{},"s":{"0":1,"1":3},"f":{"0":3},"b":{},"_coverageSchema":"1a1c01bbd47fc00a2c39e90264f33305004495a9","hash":"90bd2842bd170b8ee10997bf44d2c2a703d98f11"}
,"/Users/UtkarshSingh/HRSEI/productDetail/client/src/components/Styles.jsx": {"path":"/Users/UtkarshSingh/HRSEI/productDetail/client/src/components/Styles.jsx","statementMap":{"0":{"start":{"line":3,"column":15},"end":{"line":39,"column":1}},"1":{"start":{"line":4,"column":2},"end":{"line":37,"column":10}},"2":{"start":{"line":14,"column":27},"end":{"line":14,"column":58}},"3":{"start":{"line":23,"column":10},"end":{"line":33,"column":11}},"4":{"start":{"line":24,"column":12},"end":{"line":32,"column":52}},"5":{"start":{"line":26,"column":27},"end":{"line":26,"column":54}}},"fnMap":{"0":{"name":"(anonymous_0)","decl":{"start":{"line":3,"column":15},"end":{"line":3,"column":16}},"loc":{"start":{"line":4,"column":2},"end":{"line":37,"column":10}},"line":4},"1":{"name":"(anonymous_1)","decl":{"start":{"line":14,"column":21},"end":{"line":14,"column":22}},"loc":{"start":{"line":14,"column":27},"end":{"line":14,"column":58}},"line":14},"2":{"name":"(anonymous_2)","decl":{"start":{"line":22,"column":19},"end":{"line":22,"column":20}},"loc":{"start":{"line":22,"column":33},"end":{"line":34,"column":9}},"line":22},"3":{"name":"(anonymous_3)","decl":{"start":{"line":26,"column":21},"end":{"line":26,"column":22}},"loc":{"start":{"line":26,"column":27},"end":{"line":26,"column":54}},"line":26}},"branchMap":{"0":{"loc":{"start":{"line":16,"column":16},"end":{"line":18,"column":22}},"type":"cond-expr","locations":[{"start":{"line":17,"column":17},"end":{"line":17,"column":87}},{"start":{"line":18,"column":18},"end":{"line":18,"column":22}}],"line":16},"1":{"loc":{"start":{"line":23,"column":10},"end":{"line":33,"column":11}},"type":"if","locations":[{"start":{"line":23,"column":10},"end":{"line":33,"column":11}},{"start":{"line":23,"column":10},"end":{"line":33,"column":11}}],"line":23},"2":{"loc":{"start":{"line":28,"column":16},"end":{"line":30,"column":22}},"type":"cond-expr","locations":[{"start":{"line":29,"column":17},"end":{"line":29,"column":87}},{"start":{"line":30,"column":18},"end":{"line":30,"column":22}}],"line":28}},"s":{"0":2,"1":1,"2":0,"3":2,"4":1,"5":0},"f":{"0":1,"1":0,"2":2,"3":0},"b":{"0":[0,1],"1":[1,1],"2":[1,0]},"_coverageSchema":"1a1c01bbd47fc00a2c39e90264f33305004495a9","hash":"dc28c00f2bf0b00cd7695723a8acac0877275d0e"}
}
