TN:
SF:client/src/components/AddToCart.jsx
FN:3,(anonymous_0)
FNF:1
FNH:1
FNDA:3,(anonymous_0)
DA:3,1
DA:4,3
LF:2
LH:2
BRF:0
BRH:0
end_of_record
TN:
SF:client/src/components/App.jsx
FN:10,(anonymous_0)
FN:30,(anonymous_1)
FN:32,(anonymous_2)
FN:38,(anonymous_3)
FN:41,(anonymous_4)
FN:42,(anonymous_5)
FN:56,(anonymous_6)
FN:64,(anonymous_7)
FN:67,(anonymous_8)
FN:72,(anonymous_9)
FN:75,(anonymous_10)
FN:79,(anonymous_11)
FN:93,(anonymous_12)
FNF:13
FNH:4
FNDA:3,(anonymous_0)
FNDA:3,(anonymous_1)
FNDA:0,(anonymous_2)
FNDA:0,(anonymous_3)
FNDA:0,(anonymous_4)
FNDA:0,(anonymous_5)
FNDA:0,(anonymous_6)
FNDA:0,(anonymous_7)
FNDA:0,(anonymous_8)
FNDA:0,(anonymous_9)
FNDA:3,(anonymous_10)
FNDA:0,(anonymous_11)
FNDA:3,(anonymous_12)
DA:11,3
DA:12,3
DA:26,3
DA:27,3
DA:31,3
DA:33,0
DA:38,0
DA:40,3
DA:41,0
DA:43,0
DA:44,0
DA:45,0
DA:46,0
DA:47,0
DA:50,0
DA:57,0
DA:64,0
DA:66,3
DA:68,0
DA:72,0
DA:76,3
DA:81,0
DA:82,0
DA:83,0
DA:84,0
DA:87,0
DA:96,3
DA:97,3
LF:28
LH:10
BRDA:30,0,0,0
BRDA:45,1,0,0
BRDA:45,1,1,0
BRDA:82,2,0,0
BRDA:82,2,1,0
BRDA:102,3,0,0
BRDA:102,3,1,3
BRDA:102,4,0,3
BRDA:102,4,1,0
BRDA:102,4,2,0
BRDA:114,5,0,0
BRDA:114,5,1,3
BRDA:114,6,0,3
BRDA:114,6,1,0
BRF:14
BRH:4
end_of_record
TN:
SF:client/src/components/Images.jsx
FN:3,(anonymous_0)
FNF:1
FNH:1
FNDA:3,(anonymous_0)
DA:3,1
DA:4,3
LF:2
LH:2
BRF:0
BRH:0
end_of_record
TN:
SF:client/src/components/Info.jsx
FN:3,(anonymous_0)
FNF:1
FNH:1
FNDA:8,(anonymous_0)
DA:3,2
DA:6,8
DA:7,8
DA:8,8
DA:9,21
DA:11,8
DA:13,8
LF:7
LH:7
BRDA:15,0,0,7
BRDA:15,0,1,1
BRDA:34,1,0,7
BRDA:34,1,1,1
BRDA:36,2,0,1
BRDA:36,2,1,0
BRF:6
BRH:5
end_of_record
TN:
SF:client/src/components/Overview.jsx
FN:3,(anonymous_0)
FNF:1
FNH:1
FNDA:3,(anonymous_0)
DA:3,1
DA:4,3
LF:2
LH:2
BRF:0
BRH:0
end_of_record
TN:
SF:client/src/components/Styles.jsx
FN:3,(anonymous_0)
FN:14,(anonymous_1)
FN:22,(anonymous_2)
FN:26,(anonymous_3)
FNF:4
FNH:2
FNDA:1,(anonymous_0)
FNDA:0,(anonymous_1)
FNDA:2,(anonymous_2)
FNDA:0,(anonymous_3)
DA:3,2
DA:4,1
DA:14,0
DA:23,2
DA:24,1
DA:26,0
LF:6
LH:4
BRDA:16,0,0,0
BRDA:16,0,1,1
BRDA:23,1,0,1
BRDA:23,1,1,1
BRDA:28,2,0,1
BRDA:28,2,1,0
BRF:6
BRH:4
end_of_record
